<?xml version="1.0" encoding="utf-8"?><test-results name="C:\Projects\horn_src\src\build\net-3.5\debug\Horn.Core.Spec.DLL" date="2010-03-16" time="16:17:49" total="129" failures="0" not-run="0"><test-suite name="C:\Projects\horn_src\src\build\net-3.5\debug\Horn.Core.Spec.DLL" success="True" time="10.716"><results><test-suite name="Horn.Core.Spec.BuildEngineSpecs.When_The_Build_MetaData_Specifies_Batch" success="True" time="2.312"><results><test-case name="Horn.Core.Spec.BuildEngineSpecs.When_The_Build_MetaData_Specifies_Batch.Then_The_Batch_Build_Tool_Generates_The_Correct_Command_Line_Parameters" executed="True" success="True" time="2.312" /></results></test-suite><test-suite name="Horn.Core.Spec.BuildEngineSpecs.When_The_Build_MetaData_Specifies_Nant" success="True" time="0.022"><results><test-case name="Horn.Core.Spec.BuildEngineSpecs.When_The_Build_MetaData_Specifies_Nant.Then_The_Nant_Build_Tool_Generates_The_Correct_Command_Line_Parameters" executed="True" success="True" time="0.022" /></results></test-suite><test-suite name="Horn.Core.Spec.BuildEngineSpecs.When_The_Build_MetaData_Specifies_Phantom" success="True" time="0.021"><results><test-case name="Horn.Core.Spec.BuildEngineSpecs.When_The_Build_MetaData_Specifies_Phantom.The_Build_Tool_Should_be_Set_to_PhantomBuildTool" executed="True" success="True" time="0.010" /><test-case name="Horn.Core.Spec.BuildEngineSpecs.When_The_Build_MetaData_Specifies_Phantom.It_Should_Provide_The_Correct_Args" executed="True" success="True" time="0.006" /><test-case name="Horn.Core.Spec.BuildEngineSpecs.When_The_Build_MetaData_Specifies_Phantom.The_PathToBuildTool_Should_be_Phantom_exe" executed="True" success="True" time="0.005" /></results></test-suite><test-suite name="Horn.Core.Spec.BuildEngineSpecs.When_Calling_CommandLineRunner" success="True" time="0.025"><results><test-case name="Horn.Core.Spec.BuildEngineSpecs.When_Calling_CommandLineRunner.It_Should_Call_The_cmd_Process" executed="True" success="True" time="0.025" /></results></test-suite><test-suite name="Horn.Core.Spec.BuildEngineSpecs.When_the_we_need_to_find_the_build_directory" success="True" time="0.318"><results><test-case name="Horn.Core.Spec.BuildEngineSpecs.When_the_we_need_to_find_the_build_directory.Then_horn_will_search_from_the_build_root_directory" executed="True" success="True" time="0.318" /></results></test-suite><test-suite name="Horn.Core.Spec.BuildEngineSpecs.When_the_build_directory_contains_no_build_files" success="True" time="0.106"><results><test-case name="Horn.Core.Spec.BuildEngineSpecs.When_the_build_directory_contains_no_build_files.Then_a_directory_not_found_exception_should_be_thrown" executed="True" success="True" time="0.106" /></results></test-suite><test-suite name="Horn.Core.Spec.BuildEngineSpecs.When_Calling_MSBuildBuildTool" success="True" time="0.020"><results><test-case name="Horn.Core.Spec.BuildEngineSpecs.When_Calling_MSBuildBuildTool.It_Should_Process_Parameters" executed="True" success="True" time="0.020" /><test-case name="Horn.Core.Spec.BuildEngineSpecs.When_Calling_MSBuildBuildTool.It_Should_Build_CommandLine" executed="True" success="True" time="0.000" /><test-case name="Horn.Core.Spec.BuildEngineSpecs.When_Calling_MSBuildBuildTool.It_Should_Process_Tasks" executed="True" success="True" time="0.000" /></results></test-suite><test-suite name="Horn.Core.Spec.Unit.CmdLine.When_a_mode_switch_is_provided" success="True" time="0.021"><results><test-case name="Horn.Core.Spec.Unit.CmdLine.When_a_mode_switch_is_provided.Then_the_command_arguments_contain_the_mode" executed="True" success="True" time="0.021" /><test-case name="Horn.Core.Spec.Unit.CmdLine.When_a_mode_switch_is_provided.Then_the_parsed_arguments_are_valid" executed="True" success="True" time="0.000" /></results></test-suite><test-suite name="Horn.Core.Spec.Unit.CmdLine.When_a_mode_switch_is_provided_with_no_argument" success="True" time="0.001"><results><test-case name="Horn.Core.Spec.Unit.CmdLine.When_a_mode_switch_is_provided_with_no_argument.Then_the_parsed_arguments_are_not_valid" executed="True" success="True" time="0.001" /></results></test-suite><test-suite name="Horn.Core.Spec.Unit.CmdLine.When_no_mode_switch_is_specified" success="True" time="0.000"><results><test-case name="Horn.Core.Spec.Unit.CmdLine.When_no_mode_switch_is_specified.Then_the_parsed_arguments_are_valid" executed="True" success="True" time="0.000" /><test-case name="Horn.Core.Spec.Unit.CmdLine.When_no_mode_switch_is_specified.Then_the_mode_is_null" executed="True" success="True" time="0.000" /></results></test-suite><test-suite name="Horn.Core.Spec.Unit.CmdLine.When_a_output_switch_is_provided" success="True" time="0.000"><results><test-case name="Horn.Core.Spec.Unit.CmdLine.When_a_output_switch_is_provided.Then_the_parsed_arguments_are_valid" executed="True" success="True" time="0.000" /><test-case name="Horn.Core.Spec.Unit.CmdLine.When_a_output_switch_is_provided.Then_the_command_arguments_contain_the_output_number" executed="True" success="True" time="0.000" /><test-case name="Horn.Core.Spec.Unit.CmdLine.When_a_output_switch_is_provided.Then_the_package_name_is_correct" executed="True" success="True" time="0.000" /></results></test-suite><test-suite name="Horn.Core.Spec.Unit.CmdLine.When_a_output_switch_is_provided_with_no_argument" success="True" time="0.000"><results><test-case name="Horn.Core.Spec.Unit.CmdLine.When_a_output_switch_is_provided_with_no_argument.Then_the_parsed_arguments_are_invalid" executed="True" success="True" time="0.000" /></results></test-suite><test-suite name="Horn.Core.Spec.Unit.CmdLine.When_a_version_switch_is_provided" success="True" time="0.000"><results><test-case name="Horn.Core.Spec.Unit.CmdLine.When_a_version_switch_is_provided.Then_the_package_name_is_correct" executed="True" success="True" time="0.000" /><test-case name="Horn.Core.Spec.Unit.CmdLine.When_a_version_switch_is_provided.Then_the_command_arguments_contain_the_version_number" executed="True" success="True" time="0.000" /><test-case name="Horn.Core.Spec.Unit.CmdLine.When_a_version_switch_is_provided.Then_the_parsed_arguments_are_valid" executed="True" success="True" time="0.000" /></results></test-suite><test-suite name="Horn.Core.Spec.Unit.CmdLine.When_a_version_switch_is_provided_with_no_argument" success="True" time="0.000"><results><test-case name="Horn.Core.Spec.Unit.CmdLine.When_a_version_switch_is_provided_with_no_argument.Then_the_parsed_arguments_are_invalid" executed="True" success="True" time="0.000" /></results></test-suite><test-suite name="Horn.Core.Spec.Unit.dsl.When_Git_Is_Specified_In_The_Dsl_For_Source_Control" success="True" time="0.061"><results><test-case name="Horn.Core.Spec.Unit.dsl.When_Git_Is_Specified_In_The_Dsl_For_Source_Control.Then_SourceControl_Should_be_Set_to_GitSourceControl" executed="True" success="True" time="0.061" /></results></test-suite><test-suite name="Horn.Core.Spec.BuildEngineSpecs.When_The_Build_MetaData_Specifies_PSake" success="True" time="0.006"><results><test-case name="Horn.Core.Spec.BuildEngineSpecs.When_The_Build_MetaData_Specifies_PSake.Then_The_Batch_Build_Tool_Generates_The_Correct_Command_Line_Parameters" executed="True" success="True" time="0.006" /></results></test-suite><test-suite name="Horn.Core.Spec.BuildEngineSpecs.When_The_Build_MetaData_Specifies_PSake_and_the_build_environment_is_TeamCity" success="True" time="0.010"><results><test-case name="Horn.Core.Spec.BuildEngineSpecs.When_The_Build_MetaData_Specifies_PSake_and_the_build_environment_is_TeamCity.Then_the_batch_build_tool_generates_a_cmd_hosted_command" executed="True" success="True" time="0.005" /><test-case name="Horn.Core.Spec.BuildEngineSpecs.When_The_Build_MetaData_Specifies_PSake_and_the_build_environment_is_TeamCity.Then_the_batch_build_tool_generates_psake_command" executed="True" success="True" time="0.005" /></results></test-suite><test-suite name="Horn.Core.Spec.Unit.dsl.When_Rake_Is_Specified_In_The_Dsl_As_The_Build_Tool" success="True" time="0.007"><results><test-case name="Horn.Core.Spec.Unit.dsl.When_Rake_Is_Specified_In_The_Dsl_As_The_Build_Tool.Then_The_Dsl_Compiles" executed="True" success="True" time="0.007" /></results></test-suite><test-suite name="Horn.Core.Spec.Unit.dsl.When_Rake_Is_The_Build_Tool_And_Command_Line_Arguments_Are_Requested" success="True" time="0.021"><results><test-case name="Horn.Core.Spec.Unit.dsl.When_Rake_Is_The_Build_Tool_And_Command_Line_Arguments_Are_Requested.Then_The_Build_Tool_Renders_The_Expected_Arguments" executed="True" success="True" time="0.021" /></results></test-suite><test-suite name="Horn.Core.Spec.Unit.dsl.When_a_package_dependency_is_a_versioned_dependency" success="True" time="0.007"><results><test-case name="Horn.Core.Spec.Unit.dsl.When_a_package_dependency_is_a_versioned_dependency.Then_the_version_is_parsed_from_the_dsl" executed="True" success="True" time="0.007" /></results></test-suite><test-suite name="Horn.Core.Spec.Unit.dsl.When_HG_Is_Specified_In_The_Dsl_For_Source_Control" success="True" time="0.024"><results><test-case name="Horn.Core.Spec.Unit.dsl.When_HG_Is_Specified_In_The_Dsl_For_Source_Control.Then_SourceControl_Should_be_Set_to_MercurialSourceControl" executed="True" success="True" time="0.024" /></results></test-suite><test-suite name="Horn.Core.Spec.Unit.dsl.When_the_with_task_contains_debug_and_release_modes" success="True" time="0.054"><results><test-case name="Horn.Core.Spec.Unit.dsl.When_the_with_task_contains_debug_and_release_modes.The_debug_mode_contains_the_tasks_in_the_mode_debug_block" executed="True" success="True" time="0.008" /><test-case name="Horn.Core.Spec.Unit.dsl.When_the_with_task_contains_debug_and_release_modes.The_default_mode_is_created" executed="True" success="True" time="0.007" /><test-case name="Horn.Core.Spec.Unit.dsl.When_the_with_task_contains_debug_and_release_modes.The_release_mode_contains_the_tasks_in_the_mode_release_block" executed="True" success="True" time="0.005" /><test-case name="Horn.Core.Spec.Unit.dsl.When_the_with_task_contains_debug_and_release_modes.The_debug_mode_contains_the_parameters_in_the_mode_debug_block" executed="True" success="True" time="0.006" /><test-case name="Horn.Core.Spec.Unit.dsl.When_the_with_task_contains_debug_and_release_modes.The_default_mode_contains_tasks_not_in_a_mode_block" executed="True" success="True" time="0.006" /><test-case name="Horn.Core.Spec.Unit.dsl.When_the_with_task_contains_debug_and_release_modes.The_release_mode_is_parsed" executed="True" success="True" time="0.005" /><test-case name="Horn.Core.Spec.Unit.dsl.When_the_with_task_contains_debug_and_release_modes.The_default_mode_contains_parameters_not_in_a_mode_block" executed="True" success="True" time="0.006" /><test-case name="Horn.Core.Spec.Unit.dsl.When_the_with_task_contains_debug_and_release_modes.The_debug_mode_is_parsed" executed="True" success="True" time="0.005" /><test-case name="Horn.Core.Spec.Unit.dsl.When_the_with_task_contains_debug_and_release_modes.The_release_mode_contains_the_parameters_in_the_mode_release_block" executed="True" success="True" time="0.006" /></results></test-suite><test-suite name="Horn.Core.Spec.PrebuildSpecs.When_the_requested_project_contains_prebuild_commands" success="True" time="0.152"><results><test-case name="Horn.Core.Spec.PrebuildSpecs.When_the_requested_project_contains_prebuild_commands.Then_the_patch_files_are_xcopied" executed="True" success="True" time="0.152" /></results></test-suite><test-suite name="Horn.Core.Spec.PrebuildSpecs.When_the_requested_versioned_project_contains_prebuild_commands" success="True" time="0.102"><results><test-case name="Horn.Core.Spec.PrebuildSpecs.When_the_requested_versioned_project_contains_prebuild_commands.Then_the_patch_files_are_xcopied" executed="True" success="True" time="0.102" /></results></test-suite><test-suite name="Horn.Core.Spec.RevisionDataSpecs.When_there_is_no_revision_data_for_a_versioned_package_request" success="True" time="0.328"><results><test-case name="Horn.Core.Spec.RevisionDataSpecs.When_there_is_no_revision_data_for_a_versioned_package_request.Then_the_revision_data_indicates_a_checkout_is_required" executed="True" success="True" time="0.165" /><test-case name="Horn.Core.Spec.RevisionDataSpecs.When_there_is_no_revision_data_for_a_versioned_package_request.Then_a_versioned_revision_data_file_is_created" executed="True" success="True" time="0.163" /></results></test-suite><test-suite name="Horn.Core.Spec.RevisionDataSpecs.When_the_revision_data_for_a_versioned_package_is_requested" success="True" time="0.113"><results><test-case name="Horn.Core.Spec.RevisionDataSpecs.When_the_revision_data_for_a_versioned_package_is_requested.Then_the_revision_data_is_parsed_from_the_file" executed="True" success="True" time="0.113" /></results></test-suite><test-suite name="Horn.Core.Spec.Unit.CmdLine.When_the_command_line_arguments_are_parsed" success="True" time="0.000"><results><test-case name="Horn.Core.Spec.Unit.CmdLine.When_the_command_line_arguments_are_parsed.Then_a_command_args_object_is_created" executed="True" success="True" time="0.000" /></results></test-suite><test-suite name="Horn.Core.Spec.Dependencies.when_dispatching_dependencies" success="True" time="0.072"><results><test-case name="Horn.Core.Spec.Dependencies.when_dispatching_dependencies.should_move_dependencies" executed="True" success="True" time="0.072" /></results></test-suite><test-suite name="Horn.Core.Spec.Dependencies.when_dispatching_dependencies_and_the_destination_does_not_exist" success="True" time="0.007"><results><test-case name="Horn.Core.Spec.Dependencies.when_dispatching_dependencies_and_the_destination_does_not_exist.Then_an_exception_is_thown" executed="True" success="True" time="0.007" /></results></test-suite><test-suite name="Horn.Core.Spec.Dependencies.When_We_Have_A_Single_Dependency" success="True" time="0.162"><results><test-case name="Horn.Core.Spec.Dependencies.When_We_Have_A_Single_Dependency.Then_The_Dependency_Is_Built_Before_The_Root" executed="True" success="True" time="0.162" /></results></test-suite><test-suite name="Horn.Core.Spec.Dependencies.When_We_Have_A_Circular_Dependency" success="True" time="0.112"><results><test-case name="Horn.Core.Spec.Dependencies.When_We_Have_A_Circular_Dependency.Then_An_Exception_Is_Raised" executed="True" success="True" time="0.112" /></results></test-suite><test-suite name="Horn.Core.Spec.Dependencies.When_A_Dependency_Doesnt_Exist" success="True" time="0.099"><results><test-case name="Horn.Core.Spec.Dependencies.When_A_Dependency_Doesnt_Exist.Then_An_UnknownInstallPackageException_Is_Thrown" executed="True" success="True" time="0.099" /></results></test-suite><test-suite name="Horn.Core.Spec.Dependencies.when_executing_the_dependent_updaters_and_there_are_dependencies_to_update" success="True" time="0.036"><results><test-case name="Horn.Core.Spec.Dependencies.when_executing_the_dependent_updaters_and_there_are_dependencies_to_update.should_execute_the_updater" executed="True" success="True" time="0.036" /></results></test-suite><test-suite name="Horn.Core.Spec.Dependencies.when_executing_the_dependent_updaters_and_there_are_no_dependencies_to_update" success="True" time="0.002"><results><test-case name="Horn.Core.Spec.Dependencies.when_executing_the_dependent_updaters_and_there_are_no_dependencies_to_update.should_not_execute_the_updater" executed="True" success="True" time="0.002" /></results></test-suite><test-suite name="Horn.Core.Spec.Unit.dsl.When_retrieving_from_a_repository" success="True" time="0.015"><results><test-case name="Horn.Core.Spec.Unit.dsl.When_retrieving_from_a_repository.Then_the_model_contains_the_repository_details" executed="True" success="True" time="0.015" /></results></test-suite><test-suite name="Horn.Core.Spec.Unit.dsl.When_we_need_an_include_list" success="True" time="0.000"><results><test-case name="Horn.Core.Spec.Unit.dsl.When_we_need_an_include_list.Then_the_model_can_express_this" executed="True" success="True" time="0.000" /></results></test-suite><test-suite name="Horn.Core.Spec.Unit.dsl.When_the_build_file_contains_mulitple_export_steps" success="True" time="0.007"><results><test-case name="Horn.Core.Spec.Unit.dsl.When_the_build_file_contains_mulitple_export_steps.Then_the_model_contains_multiple_exports" executed="True" success="True" time="0.007" /></results></test-suite><test-suite name="Horn.Core.Spec.Unit.dsl.When_we_need_an_export_list" success="True" time="0.000"><results><test-case name="Horn.Core.Spec.Unit.dsl.When_we_need_an_export_list.Then_the_model_can_express_this" executed="True" success="True" time="0.000" /></results></test-suite><test-suite name="Horn.Core.Spec.Unit.dsl.When_the_build_file_contains_a_prebuild_step" success="True" time="0.006"><results><test-case name="Horn.Core.Spec.Unit.dsl.When_the_build_file_contains_a_prebuild_step.Then_the_cmd_is_executed" executed="True" success="True" time="0.006" /></results></test-suite><test-suite name="Horn.Core.Spec.Unit.PackageCommands.When_the_meta_data_has_an_export_list" success="True" time="0.265"><results><test-case name="Horn.Core.Spec.Unit.PackageCommands.When_the_meta_data_has_an_export_list.Then_the_export_list_is_retrieved" executed="True" success="True" time="0.265" /></results></test-suite><test-suite name="Horn.Core.Spec.Unit.PackageCommands.When_the_meta_data_has_a_prebuild_list" success="True" time="0.040"><results><test-case name="Horn.Core.Spec.Unit.PackageCommands.When_the_meta_data_has_a_prebuild_list.Then_the_prebuild_commands_are_executed" executed="True" success="True" time="0.040" /></results></test-suite><test-suite name="Horn.Core.Spec.Unit.PackageCommands.When_the_metadata_has_a_repository_get" success="True" time="0.025"><results><test-case name="Horn.Core.Spec.Unit.PackageCommands.When_the_metadata_has_a_repository_get.Then_the_parts_are_retrieved_from_the_repository" executed="True" success="True" time="0.025" /></results></test-suite><test-suite name="Horn.Core.Spec.PackageTreeSpecs.When_the_package_tree_has_been_created" success="True" time="0.134"><results><test-case name="Horn.Core.Spec.PackageTreeSpecs.When_the_package_tree_has_been_created.Then_only_nodes_with_boo_files_are_added" executed="True" success="True" time="0.134" /></results></test-suite><test-suite name="Horn.Core.Spec.PackageTreeSpecs.When_we_need_a_default_directory_for_the_output_of_the_build" success="True" time="0.288"><results><test-case name="Horn.Core.Spec.PackageTreeSpecs.When_we_need_a_default_directory_for_the_output_of_the_build.Then_an_output_directory_should_exist_in_the_root_directory" executed="True" success="True" time="0.288" /></results></test-suite><test-suite name="Horn.Core.Spec.RepositorySpecs.When_the_a_repository_element_is_requested" success="True" time="0.147"><results><test-case name="Horn.Core.Spec.RepositorySpecs.When_the_a_repository_element_is_requested.Then_the_repository_should_be_created" executed="True" success="True" time="0.147" /></results></test-suite><test-suite name="Horn.Core.Spec.RepositorySpecs.When_the_repository_has_been_created" success="True" time="0.220"><results><test-case name="Horn.Core.Spec.RepositorySpecs.When_the_repository_has_been_created.Then_the_parts_should_be_exported_to_their_destination" executed="True" success="True" time="0.220" /></results></test-suite><test-suite name="Horn.Core.Spec.Unit.dsl.When_Nant_Is_Specified_In_The_Dsl_As_The_Build_Tool" success="True" time="0.018"><results><test-case name="Horn.Core.Spec.Unit.dsl.When_Nant_Is_Specified_In_The_Dsl_As_The_Build_Tool.Then_The_Dsl_Compiles" executed="True" success="True" time="0.018" /></results></test-suite><test-suite name="Horn.Core.Spec.Unit.dsl.When_Nant_Is_The_Build_Tool_And_Command_Line_Arguments_Are_Requested" success="True" time="0.005"><results><test-case name="Horn.Core.Spec.Unit.dsl.When_Nant_Is_The_Build_Tool_And_Command_Line_Arguments_Are_Requested.Then_The_Build_Tool_Renders_The_Expected_Arguments" executed="True" success="True" time="0.005" /></results></test-suite><test-suite name="Horn.Core.Spec.Extensions.When_Given_A_String" success="True" time="0.000"><results><test-case name="Horn.Core.Spec.Extensions.When_Given_A_String.Then_The_Debug_Folders_Will_Be_Removed" executed="True" success="True" time="0.000" /></results></test-suite><test-suite name="Horn.Core.Spec.MetaSynchroniserfixture.When_the_package_tree_structure_does_not_exist" success="True" time="0.561"><results><test-case name="Horn.Core.Spec.MetaSynchroniserfixture.When_the_package_tree_structure_does_not_exist.Then_horn_creates_the_root_folder" executed="True" success="True" time="0.314" /><test-case name="Horn.Core.Spec.MetaSynchroniserfixture.When_the_package_tree_structure_does_not_exist.Then_the_package_tree_contains_more_than_one_build_file" executed="True" success="True" time="0.247" /></results></test-suite><test-suite name="Horn.Core.Spec.SCM.When_the_source_does_not_exist_on_the_client" success="True" time="0.088"><results><test-case name="Horn.Core.Spec.SCM.When_the_source_does_not_exist_on_the_client.Then_the_source_is_retrieved" executed="True" success="True" time="0.088" /></results></test-suite><test-suite name="Horn.Core.Spec.SCM.When_the_source_does_exist_on_the_client" success="True" time="0.125"><results><test-case name="Horn.Core.Spec.SCM.When_the_source_does_exist_on_the_client.Then_the_source_is_retrieved" executed="True" success="True" time="0.125" /></results></test-suite><test-suite name="Horn.Core.Spec.Unit.HornTree.When_the_nant_executable_is_required" success="True" time="0.106"><results><test-case name="Horn.Core.Spec.Unit.HornTree.When_the_nant_executable_is_required.Then_the_nant_path_is_returned" executed="True" success="True" time="0.106" /></results></test-suite><test-suite name="Horn.Core.Spec.Unit.HornTree.When_resolving_build_file" success="True" time="0.000"><results><test-case name="Horn.Core.Spec.Unit.HornTree.When_resolving_build_file.Then_the_version_number_is_parsed_from_the_file_name" executed="True" success="True" time="0.000" /></results></test-suite><test-suite name="Horn.Core.Spec.RevisionDataSpecs.When_a_package_has_no_revision_data" success="True" time="0.202"><results><test-case name="Horn.Core.Spec.RevisionDataSpecs.When_a_package_has_no_revision_data.Then_a_new_revision_data_is_created" executed="True" success="True" time="0.095" /><test-case name="Horn.Core.Spec.RevisionDataSpecs.When_a_package_has_no_revision_data.Then_the_revision_data_indicates_a_checkout_is_required" executed="True" success="True" time="0.107" /></results></test-suite><test-suite name="Horn.Core.Spec.RevisionDataSpecs.When_the_revision_data_for_a_package_is_requested" success="True" time="0.095"><results><test-case name="Horn.Core.Spec.RevisionDataSpecs.When_the_revision_data_for_a_package_is_requested.Then_the_revision_data_is_parsed_from_the_file" executed="True" success="True" time="0.095" /></results></test-suite><test-suite name="Horn.Core.Spec.RevisionDataSpecs.When_comparing_a_scm_revison_against_a_package_with_revision_data" success="True" time="0.201"><results><test-case name="Horn.Core.Spec.RevisionDataSpecs.When_comparing_a_scm_revison_against_a_package_with_revision_data.Then_the_revision_data_indicates_an_update_is_required" executed="True" success="True" time="0.098" /><test-case name="Horn.Core.Spec.RevisionDataSpecs.When_comparing_a_scm_revison_against_a_package_with_revision_data.Then_the_revision_data_indicates_a_checkout_is_not_required" executed="True" success="True" time="0.103" /></results></test-suite><test-suite name="Horn.Core.Spec.SCM.When_the_package_source_revision_does_not_exist" success="True" time="0.272"><results><test-case name="Horn.Core.Spec.SCM.When_the_package_source_revision_does_not_exist.Then_the_a_source_control_export_is_performed" executed="True" success="True" time="0.272" /></results></test-suite><test-suite name="Horn.Core.Spec.SCM.When_the_scm_revision_is_greater_than_the_package_revision" success="True" time="0.278"><results><test-case name="Horn.Core.Spec.SCM.When_the_scm_revision_is_greater_than_the_package_revision.Then_the_a_source_control_export_is_performed" executed="True" success="True" time="0.278" /></results></test-suite><test-suite name="Horn.Core.Spec.SCM.When_the_scm_revision_is_less_than_the_package_revision" success="True" time="0.097"><results><test-case name="Horn.Core.Spec.SCM.When_the_scm_revision_is_less_than_the_package_revision.Then_the_a_source_control_export_is_not_performed" executed="True" success="True" time="0.097" /></results></test-suite><test-suite name="Horn.Core.Spec.SCM.When_the_source_code_has_downloaded" success="True" time="0.306"><results><test-case name="Horn.Core.Spec.SCM.When_the_source_code_has_downloaded.Then_the_svn_revision_is_recorded" executed="True" success="True" time="0.306" /></results></test-suite><test-suite name="Horn.Core.Spec.BuildEngineSpecs.When_The_Build_Engine_Receives_An_Array_Of_Parameters" success="True" time="0.000"><results><test-case name="Horn.Core.Spec.BuildEngineSpecs.When_The_Build_Engine_Receives_An_Array_Of_Parameters.Then_A_Dictionary_Of_Switches_Is_Created" executed="True" success="True" time="0.000" /></results></test-suite><test-suite name="Horn.Core.Spec.Integration.Utils.FileSystemProviderSpec" success="True" time="0.001"><results><test-case name="Horn.Core.Spec.Integration.Utils.FileSystemProviderSpec.CreateDirectory_Will_Create_Directory" executed="True" success="True" time="0.001" /></results></test-suite><test-suite name="Horn.Core.Spec.Unit.CmdLine.When_horn_recevies_an_Install_Switch_From_The_Command_Line" success="True" time="0.000"><results><test-case name="Horn.Core.Spec.Unit.CmdLine.When_horn_recevies_an_Install_Switch_From_The_Command_Line.Then_the_parsed_arguments_are_valid" executed="True" success="True" time="0.000" /><test-case name="Horn.Core.Spec.Unit.CmdLine.When_horn_recevies_an_Install_Switch_From_The_Command_Line.Then_the_parsed_arguments_contain_the_install_name" executed="True" success="True" time="0.000" /></results></test-suite><test-suite name="Horn.Core.Spec.Unit.CmdLine.When_Horn_Receives_The_Help_Switch" success="True" time="0.000"><results><test-case name="Horn.Core.Spec.Unit.CmdLine.When_Horn_Receives_The_Help_Switch.Then_Console_Should_Output_Help_Text" executed="True" success="True" time="0.000" /><test-case name="Horn.Core.Spec.Unit.CmdLine.When_Horn_Receives_The_Help_Switch.Then_A_Help_Return_Value_Is_returned" executed="True" success="True" time="0.000" /></results></test-suite><test-suite name="Horn.Core.Spec.Unit.CmdLine.When_Horn_Receives_No_Command_Line_Arguments" success="True" time="0.000"><results><test-case name="Horn.Core.Spec.Unit.CmdLine.When_Horn_Receives_No_Command_Line_Arguments.Then_Parsed_Arguments_Are_Not_Valid" executed="True" success="True" time="0.000" /><test-case name="Horn.Core.Spec.Unit.CmdLine.When_Horn_Receives_No_Command_Line_Arguments.Then_Horn_Outputs_A_Missing_argument_Error_Message" executed="True" success="True" time="0.000" /></results></test-suite><test-suite name="Horn.Core.Spec.Unit.CmdLine.When_Horn_Receives_No_Install_Argument" success="True" time="0.000"><results><test-case name="Horn.Core.Spec.Unit.CmdLine.When_Horn_Receives_No_Install_Argument.Then_Parsed_Arguments_Are_Not_Valid" executed="True" success="True" time="0.000" /><test-case name="Horn.Core.Spec.Unit.CmdLine.When_Horn_Receives_No_Install_Argument.Then_Should_Output_Missing_argument_Error_Message" executed="True" success="True" time="0.000" /></results></test-suite><test-suite name="Horn.Core.Spec.Unit.CmdLine.When_Horn_Recevies_Install_Argument_With_No_Value" success="True" time="0.000"><results><test-case name="Horn.Core.Spec.Unit.CmdLine.When_Horn_Recevies_Install_Argument_With_No_Value.Then_Parsed_Arguments_Are_Not_Valid" executed="True" success="True" time="0.000" /><test-case name="Horn.Core.Spec.Unit.CmdLine.When_Horn_Recevies_Install_Argument_With_No_Value.Then_Should_Output_Argument_Has_Already_Been_Given_The_Value_Error_Message" executed="True" success="True" time="0.000" /></results></test-suite><test-suite name="Horn.Core.Spec.Unit.CmdLine.When_horn_receives_a_rebuild_only_switch" success="True" time="0.000"><results><test-case name="Horn.Core.Spec.Unit.CmdLine.When_horn_receives_a_rebuild_only_switch.Then_the_parsed_arguments_Are_Valid" executed="True" success="True" time="0.000" /><test-case name="Horn.Core.Spec.Unit.CmdLine.When_horn_receives_a_rebuild_only_switch.Then_the_command_args_specifies_rebuild_only" executed="True" success="True" time="0.000" /><test-case name="Horn.Core.Spec.Unit.CmdLine.When_horn_receives_a_rebuild_only_switch.Then_the_install_name_should_be_castle_windsor" executed="True" success="True" time="0.000" /></results></test-suite><test-suite name="Horn.Core.Spec.Unit.CmdLine.When_horn_receives_a_refresh_switch" success="True" time="0.000"><results><test-case name="Horn.Core.Spec.Unit.CmdLine.When_horn_receives_a_refresh_switch.Then_the_parsed_arguments_Are_Valid" executed="True" success="True" time="0.000" /><test-case name="Horn.Core.Spec.Unit.CmdLine.When_horn_receives_a_refresh_switch.Then_the_command_args_specifies_refresh" executed="True" success="True" time="0.000" /><test-case name="Horn.Core.Spec.Unit.CmdLine.When_horn_receives_a_refresh_switch.Then_the_install_name_should_be_castle_windsor" executed="True" success="True" time="0.000" /></results></test-suite><test-suite name="Horn.Core.Spec.Unit.dsl.When_Horn_Parses_A_Successful_Configuration" success="True" time="0.001"><results><test-case name="Horn.Core.Spec.Unit.dsl.When_Horn_Parses_A_Successful_Configuration.Then_A_Build_Meta_Data_Object_Is_Created" executed="True" success="True" time="0.001" /></results></test-suite><test-suite name="Horn.Core.Spec.Unit.dsl.When_The_Build_Config_Reader_Receives_A_Request_For_A_Component" success="True" time="0.018"><results><test-case name="Horn.Core.Spec.Unit.dsl.When_The_Build_Config_Reader_Receives_A_Request_For_A_Component.Then_The_Config_Reader_Returns_The_Correct_MetaData" executed="True" success="True" time="0.018" /></results></test-suite><test-suite name="Horn.Core.Spec.Unit.dsl.When_SetDslFactory_Is_Not_Set" success="True" time="0.000"><results><test-case name="Horn.Core.Spec.Unit.dsl.When_SetDslFactory_Is_Not_Set.Then_An_Argument_Null_Exception_Is_Thrown" executed="True" success="True" time="0.000" /></results></test-suite><test-suite name="Horn.Core.Spec.Unit.dsl.When_The_Build_File_Does_Not_Exist" success="True" time="0.003"><results><test-case name="Horn.Core.Spec.Unit.dsl.When_The_Build_File_Does_Not_Exist.Then_The_Config_Reader_Throws_A_Custom_Exception" executed="True" success="True" time="0.003" /></results></test-suite><test-suite name="Horn.Core.Spec.Unit.dsl.When_Horn_Receives_A_Request_For_A_Component" success="True" time="0.016"><results><test-case name="Horn.Core.Spec.Unit.dsl.When_Horn_Receives_A_Request_For_A_Component.Then_Horn_Returns_The_Component_DSL" executed="True" success="True" time="0.010" /><test-case name="Horn.Core.Spec.Unit.dsl.When_Horn_Receives_A_Request_For_A_Component.Should_Resolve_The_Appropriate_SourceControl" executed="True" success="True" time="0.006" /></results></test-suite><test-suite name="Horn.Core.Spec.Unit.GetSpecs.When_a_get_request_is_made_to_retrieve_the_source" success="True" time="0.630"><results><test-case name="Horn.Core.Spec.Unit.GetSpecs.When_a_get_request_is_made_to_retrieve_the_source.Should_Return_The_Destination_Path" executed="True" success="True" time="0.307" /><test-case name="Horn.Core.Spec.Unit.GetSpecs.When_a_get_request_is_made_to_retrieve_the_source.Should_Retrieve_Source_From_VersionControl" executed="True" success="True" time="0.323" /></results></test-suite><test-suite name="Horn.Core.Spec.Unit.PackageCommands.When_The_Builder_Receives_An_Install_Switch" success="True" time="0.303"><results><test-case name="Horn.Core.Spec.Unit.PackageCommands.When_The_Builder_Receives_An_Install_Switch.Then_The_Builder_Coordinates_The_Build" executed="True" success="True" time="0.303" /></results></test-suite><test-suite name="Horn.Core.Spec.Unit.PackageCommands.When_the_package_builder_receives_an_install_command_for_an_unknown_package" success="True" time="0.204"><results><test-case name="Horn.Core.Spec.Unit.PackageCommands.When_the_package_builder_receives_an_install_command_for_an_unknown_package.Then_an_unknown_package_exception_is_thrown" executed="True" success="True" time="0.204" /></results></test-suite><test-suite name="Horn.Core.Spec.Unit.PackageCommands.When_the_package_builder_receives_a_rebuild_only_switch" success="True" time="0.002"><results><test-case name="Horn.Core.Spec.Unit.PackageCommands.When_the_package_builder_receives_a_rebuild_only_switch.Then_source_control_get_is_not_called" executed="True" success="True" time="0.002" /></results></test-suite><test-suite name="Horn.Core.Spec.Unit.HornTree.When_Given_The_Package_Root_Directory" success="True" time="0.293"><results><test-case name="Horn.Core.Spec.Unit.HornTree.When_Given_The_Package_Root_Directory.Then_the_tree_root_is_the_root" executed="True" success="True" time="0.096" /><test-case name="Horn.Core.Spec.Unit.HornTree.When_Given_The_Package_Root_Directory.Then_the_root_will_have_more_than_Children" executed="True" success="True" time="0.094" /><test-case name="Horn.Core.Spec.Unit.HornTree.When_Given_The_Package_Root_Directory.Then_The_CurrentDirectory_is_the_Root_Directory" executed="True" success="True" time="0.103" /></results></test-suite><test-suite name="Horn.Core.Spec.Unit.HornTree.When_A_PackageTree_Node_Contains_A_Build_File" success="True" time="0.200"><results><test-case name="Horn.Core.Spec.Unit.HornTree.When_A_PackageTree_Node_Contains_A_Build_File.Then_The_Node_Is_A_Build_Node" executed="True" success="True" time="0.100" /><test-case name="Horn.Core.Spec.Unit.HornTree.When_A_PackageTree_Node_Contains_A_Build_File.Then_The_Node_Will_have_a_Child" executed="True" success="True" time="0.100" /></results></test-suite><test-suite name="Horn.Core.Spec.Unit.HornTree.When_Given_A_Request_For_A_Build_File" success="True" time="0.124"><results><test-case name="Horn.Core.Spec.Unit.HornTree.When_Given_A_Request_For_A_Build_File.Then_Horn_Retrieves_The_Build_File_From_The_Structure" executed="True" success="True" time="0.124" /></results></test-suite><test-suite name="Horn.Core.Spec.Unit.HornTree.When_Build_Nodes_Are_Requested" success="True" time="0.096"><results><test-case name="Horn.Core.Spec.Unit.HornTree.When_Build_Nodes_Are_Requested.Then_A_List_Of_Build_Nodes_Are_Returned" executed="True" success="True" time="0.096" /></results></test-suite><test-suite name="Horn.Core.Spec.Unit.HornTree.When_Retrieve_Does_Not_Return_A_Package" success="True" time="0.258"><results><test-case name="Horn.Core.Spec.Unit.HornTree.When_Retrieve_Does_Not_Return_A_Package.Then_A_Null_Build_Meta_Data_Object_Is_Returned" executed="True" success="True" time="0.135" /><test-case name="Horn.Core.Spec.Unit.HornTree.When_Retrieve_Does_Not_Return_A_Package.Then_A_Null_Package_Tree_Object_Is_Returned" executed="True" success="True" time="0.123" /></results></test-suite><test-suite name="Horn.Core.Spec.Unit.HornTree.When_the_package_tree_root_directory_does_not_exist" success="True" time="0.158"><results><test-case name="Horn.Core.Spec.Unit.HornTree.When_the_package_tree_root_directory_does_not_exist.Then_the_meta_data_synchroniser_returns_false" executed="True" success="True" time="0.158" /></results></test-suite><test-suite name="Horn.Core.Spec.Unit.HornTree.When_the_root_directory_exists_and_contains_build_files" success="True" time="0.186"><results><test-case name="Horn.Core.Spec.Unit.HornTree.When_the_root_directory_exists_and_contains_build_files.Then_the_meta_data_synchroniser_returns_true" executed="True" success="True" time="0.186" /></results></test-suite><test-suite name="Horn.Core.Spec.Unit.HornTree.When_a_package_revision_data_does_not_exist" success="True" time="0.111"><results><test-case name="Horn.Core.Spec.Unit.HornTree.When_a_package_revision_data_does_not_exist.Then_a_new_revsion_data_is_returned" executed="True" success="True" time="0.111" /></results></test-suite><test-suite name="Horn.Core.Spec.Unit.HornTree.When_a_package_revision_data_does_exist" success="True" time="0.166"><results><test-case name="Horn.Core.Spec.Unit.HornTree.When_a_package_revision_data_does_exist.Then_the_existing_revision_data_is_returned" executed="True" success="True" time="0.166" /></results></test-suite><test-suite name="Horn.Core.Spec.Integration.Utils.When_Framework_Version_35_Is_Requested" success="True" time="0.007"><results><test-case name="Horn.Core.Spec.Integration.Utils.When_Framework_Version_35_Is_Requested.Then_Framework_35_Path_Is_Returned" executed="True" success="True" time="0.007" /></results></test-suite><test-suite name="Horn.Core.Spec.VersionSpecs.When_horn_receives_a_request_for_a_package_with_a_version_number" success="True" time="0.217"><results><test-case name="Horn.Core.Spec.VersionSpecs.When_horn_receives_a_request_for_a_package_with_a_version_number.Then_the_correct_build_file_is_selected" executed="True" success="True" time="0.109" /><test-case name="Horn.Core.Spec.VersionSpecs.When_horn_receives_a_request_for_a_package_with_a_version_number.Then_the_correct_working_directory_is_selected" executed="True" success="True" time="0.108" /></results></test-suite></results></test-suite></test-results>